<?xml version="1.0" encoding="UTF-8"?>
<testsuite name="com.technologyconversations.kata.marsrover.RoverSpec" tests="14" skipped="0" failures="0" errors="0" timestamp="2025-06-19T09:11:04.909Z" hostname="KULDEEP" time="0.056">
  <properties/>
  <testcase name="receiveSingleCommandShouldMoveBackwardWhenCommandIsB" classname="com.technologyconversations.kata.marsrover.RoverSpec" time="0.03"/>
  <testcase name="receiveCommandsShouldBeAbleToReceiveMultipleCommandsAndRoverShouldArriveAtCorrectLocation" classname="com.technologyconversations.kata.marsrover.RoverSpec" time="0.0"/>
  <testcase name="newInstanceShouldSetRoverCoordinatesAndDirection" classname="com.technologyconversations.kata.marsrover.RoverSpec" time="0.018"/>
  <testcase name="receiveCommandsShouldStopWhenObstacleIsFound" classname="com.technologyconversations.kata.marsrover.RoverSpec" time="0.0"/>
  <testcase name="receiveSingleCommandShouldMoveForwardWhenCommandIsF" classname="com.technologyconversations.kata.marsrover.RoverSpec" time="0.0"/>
  <testcase name="positionShouldReturnXYAndDirection" classname="com.technologyconversations.kata.marsrover.RoverSpec" time="0.003"/>
  <testcase name="receiveCommandShouldWhatFromOneEdgeOfTheGridToAnother" classname="com.technologyconversations.kata.marsrover.RoverSpec" time="0.001"/>
  <testcase name="receiveCommandsShouldBeAbleToReceiveMultipleCommandsAndRoverFacesCorrectDirection" classname="com.technologyconversations.kata.marsrover.RoverSpec" time="0.0"/>
  <testcase name="receiveSingleCommandShouldTurnLeftWhenCommandIsL" classname="com.technologyconversations.kata.marsrover.RoverSpec" time="0.001"/>
  <testcase name="receiveSingleCommandShouldThrowExceptionWhenCommandIsUnknown" classname="com.technologyconversations.kata.marsrover.RoverSpec" time="0.0"/>
  <testcase name="receiveSingleCommandShouldTurnRightWhenCommandIsR" classname="com.technologyconversations.kata.marsrover.RoverSpec" time="0.0"/>
  <testcase name="receiveCommandsShouldFaceInItsCurrentDirectionWhenObstacleIsFound" classname="com.technologyconversations.kata.marsrover.RoverSpec" time="0.0"/>
  <testcase name="receiveSingleCommandShouldIgnoreCase" classname="com.technologyconversations.kata.marsrover.RoverSpec" time="0.001"/>
  <testcase name="positionShouldReturnNokWhenObstacleIsFound" classname="com.technologyconversations.kata.marsrover.RoverSpec" time="0.0"/>
  <system-out><![CDATA[]]></system-out>
  <system-err><![CDATA[]]></system-err>
</testsuite>
